<?xml version="1.0" encoding="UTF-8"?>
<testsuite name="Buy product" tests="1" skipped="0" failures="0" errors="0" timestamp="2019-11-03T02:38:00" hostname="DESKTOP-6P92A6B" time="56.944">
  <properties/>
  <testcase name="Add a product to the shopping cart" classname="Buy product" time="56.944"/>
  <system-out><![CDATA[]]></system-out>
  <system-err><![CDATA[nov 02, 2019 9:38:02 PM org.openqa.selenium.remote.DesiredCapabilities chrome
INFORMACIÓN: Using `new ChromeOptions()` is preferred to `DesiredCapabilities.chrome()`
[Test worker] INFO net.serenitybdd.core.webdriver.driverproviders.ProvideNewDriver - Instantiating driver
[Test worker] INFO net.serenitybdd.core.webdriver.driverproviders.ProvideNewDriver - Driver capabilities: Capabilities {acceptInsecureCerts: false, browserName: chrome, goog:chromeOptions: {args: [--enable-automation, --test-type], extensions: []}, loggingPrefs: org.openqa.selenium.logging..., platform: ANY, version: }
Starting ChromeDriver 76.0.3809.126 (d80a294506b4c9d18015e755cee48f953ddc3f2f-refs/branch-heads/3809@{#1024}) on port 41308
Only local connections are allowed.
Please protect ports used by ChromeDriver and related test frameworks to prevent access by malicious code.
[1572748693.034][WARNING]: This version of ChromeDriver has not been tested with Chrome version 77.
[1572748693.352][WARNING]: This version of ChromeDriver has not been tested with Chrome version 77.
nov 02, 2019 9:38:14 PM org.openqa.selenium.remote.ProtocolHandshake createSession
INFORMACIÓN: Detected dialect: W3C
[Test worker] INFO net.thucydides.core.steps.ConsoleLoggingListener - 
        __    _____ _____ ____ _____   ____   _    ____  ____  _____ ____  
  _     \ \  |_   _| ____/ ___|_   _| |  _ \ / \  / ___|/ ___|| ____|  _ \ 
 (_)_____| |   | | |  _| \___ \ | |   | |_) / _ \ \___ \\___ \|  _| | | | |
  _|_____| |   | | | |___ ___) || |   |  __/ ___ \ ___) |___) | |___| |_| |
 (_)     | |   |_| |_____|____/ |_|   |_| /_/   \_\____/|____/|_____|____/ 
        /_/                                                                

TEST PASSED: Add a product to the shopping cart
----------------------------------------------------------------------------
]]></system-err>
</testsuite>
